<?xml version="1.0" encoding="UTF-8"?>
<testng-results ignored="0" total="1" passed="1" failed="0" skipped="0">
  <reporter-output>
  </reporter-output>
  <suite started-at="2021-03-30T14:42:51 COT" name="Default suite" finished-at="2021-03-30T14:42:54 COT" duration-ms="3640">
    <groups>
    </groups>
    <test started-at="2021-03-30T14:42:51 COT" name="Default test" finished-at="2021-03-30T14:42:54 COT" duration-ms="3640">
      <class name="launchTest.empresarial.web.LogueoPyme">
        <test-method is-config="true" signature="beforeClass()[pri:0, instance:launchTest.empresarial.web.LogueoPyme@25d250c6]" started-at="2021-03-30T14:42:51 COT" name="beforeClass" finished-at="2021-03-30T14:42:51 COT" duration-ms="17" status="PASS">
          <reporter-output>
          </reporter-output>
        </test-method> <!-- beforeClass -->
        <test-method signature="DXCExec(int)[pri:0, instance:launchTest.empresarial.web.LogueoPyme@25d250c6]" started-at="2021-03-30T14:42:51 COT" name="DXCExec" data-provider="globalData" finished-at="2021-03-30T14:42:53 COT" duration-ms="2002" status="PASS">
          <params>
            <param index="0">
              <value>
                <![CDATA[1]]>
              </value>
            </param>
          </params>
          <reporter-output>
          </reporter-output>
        </test-method> <!-- DXCExec -->
        <test-method is-config="true" signature="afterClass()[pri:0, instance:launchTest.empresarial.web.LogueoPyme@25d250c6]" started-at="2021-03-30T14:42:53 COT" name="afterClass" finished-at="2021-03-30T14:42:54 COT" duration-ms="1584" status="PASS">
          <reporter-output>
          </reporter-output>
        </test-method> <!-- afterClass -->
      </class> <!-- launchTest.empresarial.web.LogueoPyme -->
    </test> <!-- Default test -->
  </suite> <!-- Default suite -->
</testng-results>
