<?xml version="1.0" encoding="UTF-8"?>
<testng-results skipped="0" failed="0" ignored="0" total="1" passed="1">
  <reporter-output>
  </reporter-output>
  <suite name="Default suite" duration-ms="54641" started-at="2020-09-25T10:49:05 GMT-05:00" finished-at="2020-09-25T10:50:00 GMT-05:00">
    <groups>
    </groups>
    <test name="Default test" duration-ms="54641" started-at="2020-09-25T10:49:05 GMT-05:00" finished-at="2020-09-25T10:50:00 GMT-05:00">
      <class name="launchTest.empresarial.web.LogueoPyme">
        <test-method status="PASS" signature="beforeClass()[pri:0, instance:launchTest.empresarial.web.LogueoPyme@1563da5]" name="beforeClass" is-config="true" duration-ms="281" started-at="2020-09-25T10:49:05 GMT-05:00" finished-at="2020-09-25T10:49:05 GMT-05:00">
          <reporter-output>
          </reporter-output>
        </test-method> <!-- beforeClass -->
        <test-method status="PASS" signature="DXCExec(int)[pri:0, instance:launchTest.empresarial.web.LogueoPyme@1563da5]" name="DXCExec" duration-ms="51279" started-at="2020-09-25T10:49:05 GMT-05:00" data-provider="globalData" finished-at="2020-09-25T10:49:57 GMT-05:00">
          <params>
            <param index="0">
              <value>
                <![CDATA[1]]>
              </value>
            </param>
          </params>
          <reporter-output>
          </reporter-output>
        </test-method> <!-- DXCExec -->
        <test-method status="PASS" signature="afterClass()[pri:0, instance:launchTest.empresarial.web.LogueoPyme@1563da5]" name="afterClass" is-config="true" duration-ms="3031" started-at="2020-09-25T10:49:57 GMT-05:00" finished-at="2020-09-25T10:50:00 GMT-05:00">
          <reporter-output>
          </reporter-output>
        </test-method> <!-- afterClass -->
      </class> <!-- launchTest.empresarial.web.LogueoPyme -->
    </test> <!-- Default test -->
  </suite> <!-- Default suite -->
</testng-results>
